C:\USERS\USER\REPOS\HSE\ECO.FRAMEWORK\ECO.TOOLCHAIN.THOMPSON1\ASSEMBLYFILES\WINDOWS\VISUALSTUDIO_10\ECO.TOOLCHAIN.THOMPSON1\DYNAMICDEBUG\2F557A53EB7B42AD849CD8EC16CF5C5D.DLL.INTERMEDIATE.MANIFEST
C:\Users\User\repos\hse\Eco.Framework\Eco.Toolchain.Thompson1\AssemblyFiles\Windows\VisualStudio_10\Eco.Toolchain.Thompson1\DynamicDebug\2F557A53EB7B42AD849CD8EC16CF5C5D.exp
C:\Users\User\repos\hse\Eco.Framework\Eco.Toolchain.Thompson1\AssemblyFiles\Windows\VisualStudio_10\Eco.Toolchain.Thompson1\DynamicDebug\2F557A53EB7B42AD849CD8EC16CF5C5D.lib
C:\USERS\USER\REPOS\HSE\ECO.FRAMEWORK\ECO.TOOLCHAIN.THOMPSON1\ASSEMBLYFILES\WINDOWS\VISUALSTUDIO_10\ECO.TOOLCHAIN.THOMPSON1\DYNAMICDEBUG\2F557A53EB7B42AD849CD8EC16CF5C5D.PDB
C:\USERS\USER\REPOS\HSE\ECO.FRAMEWORK\ECO.TOOLCHAIN.THOMPSON1\ASSEMBLYFILES\WINDOWS\VISUALSTUDIO_10\ECO.TOOLCHAIN.THOMPSON1\DYNAMICDEBUG\CECOTOOLCHAINTHOMPSON1.OBJ
C:\USERS\USER\REPOS\HSE\ECO.FRAMEWORK\ECO.TOOLCHAIN.THOMPSON1\ASSEMBLYFILES\WINDOWS\VISUALSTUDIO_10\ECO.TOOLCHAIN.THOMPSON1\DYNAMICDEBUG\CECOTOOLCHAINTHOMPSON1FACTORY.OBJ
C:\Users\User\repos\hse\Eco.Framework\Eco.Toolchain.Thompson1\AssemblyFiles\Windows\VisualStudio_10\Eco.Toolchain.Thompson1\DynamicDebug\cl.command.1.tlog
C:\Users\User\repos\hse\Eco.Framework\Eco.Toolchain.Thompson1\AssemblyFiles\Windows\VisualStudio_10\Eco.Toolchain.Thompson1\DynamicDebug\CL.read.1.tlog
C:\Users\User\repos\hse\Eco.Framework\Eco.Toolchain.Thompson1\AssemblyFiles\Windows\VisualStudio_10\Eco.Toolchain.Thompson1\DynamicDebug\CL.write.1.tlog
C:\Users\User\repos\hse\Eco.Framework\Eco.Toolchain.Thompson1\AssemblyFiles\Windows\VisualStudio_10\Eco.Toolchain.Thompson1\DynamicDebug\Eco.Toolchain.Thompson1.write.1.tlog
C:\Users\User\repos\hse\Eco.Framework\Eco.Toolchain.Thompson1\AssemblyFiles\Windows\VisualStudio_10\Eco.Toolchain.Thompson1\DynamicDebug\link.command.1.tlog
C:\Users\User\repos\hse\Eco.Framework\Eco.Toolchain.Thompson1\AssemblyFiles\Windows\VisualStudio_10\Eco.Toolchain.Thompson1\DynamicDebug\link.read.1.tlog
C:\Users\User\repos\hse\Eco.Framework\Eco.Toolchain.Thompson1\AssemblyFiles\Windows\VisualStudio_10\Eco.Toolchain.Thompson1\DynamicDebug\link.write.1.tlog
C:\Users\User\repos\hse\Eco.Framework\Eco.Toolchain.Thompson1\AssemblyFiles\Windows\VisualStudio_10\Eco.Toolchain.Thompson1\DynamicDebug\mt.command.1.tlog
C:\Users\User\repos\hse\Eco.Framework\Eco.Toolchain.Thompson1\AssemblyFiles\Windows\VisualStudio_10\Eco.Toolchain.Thompson1\DynamicDebug\mt.read.1.tlog
C:\Users\User\repos\hse\Eco.Framework\Eco.Toolchain.Thompson1\AssemblyFiles\Windows\VisualStudio_10\Eco.Toolchain.Thompson1\DynamicDebug\mt.write.1.tlog
C:\Users\User\repos\hse\Eco.Framework\Eco.Toolchain.Thompson1\AssemblyFiles\Windows\VisualStudio_10\Eco.Toolchain.Thompson1\DynamicDebug\vc100.idb
C:\USERS\USER\REPOS\HSE\ECO.FRAMEWORK\ECO.TOOLCHAIN.THOMPSON1\ASSEMBLYFILES\WINDOWS\VISUALSTUDIO_10\ECO.TOOLCHAIN.THOMPSON1\DYNAMICDEBUG\VC100.PDB
C:\USERS\USER\REPOS\HSE\ECO.FRAMEWORK\ECO.TOOLCHAIN.THOMPSON1\BUILDFILES\WINDOWS\X86\DYNAMICDEBUG\2F557A53EB7B42AD849CD8EC16CF5C5D.DLL
C:\USERS\USER\REPOS\HSE\ECO.FRAMEWORK\ECO.TOOLCHAIN.THOMPSON1\BUILDFILES\WINDOWS\X86\DYNAMICDEBUG\2F557A53EB7B42AD849CD8EC16CF5C5D.ILK
